[2025-07-31 11:11:25,753] ERROR privilagecontroller.views - Exception in create_or_update_privilege: 'str' object has no attribute 'shdshdjjs'
Traceback (most recent call last):
  File "/UK_MEDICAL_BOT/privilagecontroller/views.py", line 60, in create_or_update_privilege
    if request.user.role.shdshdjjs not in ['admin']:
       ^^^^^^^^^^^^^^^^^^^^^^^^^^^
AttributeError: 'str' object has no attribute 'shdshdjjs'
[2025-07-31 11:11:25,754] ERROR django.request - Internal Server Error: /privilege/create-privilege/
[2025-07-31 12:07:32,886] WARNING django.request - Unauthorized: /privilege/create-privilege/
[2025-08-01 09:16:35,846] WARNING django.request - Forbidden: /bed/data/room/create/
[2025-08-01 09:16:51,151] WARNING django.request - Not Found: /favicon.ico
[2025-08-01 09:29:27,011] WARNING django.request - Forbidden: /bed/data/room/create/
[2025-08-01 09:30:11,092] WARNING django.request - Bad Request: /bed/data/room/create/
[2025-08-01 09:30:29,317] ERROR django.request - Internal Server Error: /bed/data/room/create/
[2025-08-01 09:32:27,476] ERROR django.request - Internal Server Error: /bed/data/room/create/
[2025-08-01 09:45:44,895] WARNING django.request - Bad Request: /bed/data/room/create/
[2025-08-01 09:45:45,977] WARNING django.request - Bad Request: /bed/data/room/create/
[2025-08-01 09:45:46,808] WARNING django.request - Bad Request: /bed/data/room/create/
[2025-08-01 09:45:47,352] WARNING django.request - Bad Request: /bed/data/room/create/
[2025-08-01 09:45:48,186] WARNING django.request - Bad Request: /bed/data/room/create/
[2025-08-01 09:45:48,843] WARNING django.request - Bad Request: /bed/data/room/create/
[2025-08-01 09:45:56,289] WARNING django.request - Bad Request: /bed/data/room/create/
[2025-08-01 09:47:01,115] WARNING django.request - Bad Request: /bed/data/room/create/
[2025-08-01 09:47:01,810] WARNING django.request - Bad Request: /bed/data/room/create/
[2025-08-01 09:59:29,223] WARNING django.request - Unauthorized: /bed/data/room/create/
[2025-08-01 09:59:41,299] WARNING django.request - Bad Request: /bed/data/room/create/
[2025-08-01 10:00:13,087] WARNING django.request - Bad Request: /bed/data/room/create/
[2025-08-01 10:00:17,441] WARNING django.request - Bad Request: /bed/data/room/create/
[2025-08-01 10:00:22,292] WARNING django.request - Bad Request: /bed/data/room/create/
[2025-08-01 10:00:45,564] ERROR django.request - Internal Server Error: /bed/data/room/create/
[2025-08-01 10:00:57,348] ERROR django.request - Internal Server Error: /bed/data/room/create/
[2025-08-01 10:01:06,875] ERROR django.request - Internal Server Error: /bed/data/room/create/
[2025-08-01 10:02:38,706] ERROR django.request - Internal Server Error: /bed/data/room/create/
[2025-08-01 10:02:39,833] ERROR django.request - Internal Server Error: /bed/data/room/create/
[2025-08-01 10:02:40,525] ERROR django.request - Internal Server Error: /bed/data/room/create/
[2025-08-01 10:02:41,037] ERROR django.request - Internal Server Error: /bed/data/room/create/
[2025-08-01 10:04:51,935] WARNING django.request - Unauthorized: /bed/data/room/create/
[2025-08-01 10:10:47,111] WARNING django.request - Unauthorized: /bed/data/room/create/
[2025-08-01 10:11:22,609] WARNING django.request - Unauthorized: /bed/data/room/all/
[2025-08-01 10:14:40,894] WARNING django.request - Bad Request: /bed/data/room/create/
[2025-08-01 10:21:15,250] WARNING django.request - Unauthorized: /bed/data/room/create/
[2025-08-01 10:21:32,142] WARNING django.request - Method Not Allowed: /bed/data/room/create/
[2025-08-01 10:22:39,442] WARNING django.request - Unauthorized: /bed/data/room/all/
